This is XeTeX, Version 3.1415926-2.2-0.9997.4 (MiKTeX 2.9) (preloaded format=xelatex 2018.10.5)  12 JAN 2019 14:06
entering extended mode
**WPTERD_color.tex
(F:\01paper\02PaperWrite\7_latex\01WPT\tiicolor\WPTERD_color.tex
LaTeX2e <2009/09/24>
Babel <v3.8l> and hyphenation patterns for loaded.
(F:\01paper\02PaperWrite\7_latex\01WPT\tiicolor\IEEEtran.cls
Document Class: IEEEtran 2014/09/17 V1.8a by Michael Shell
-- See the "IEEEtran_HOWTO" manual for usage information.
-- http://www.michaelshell.org/tex/ieeetran/
\@IEEEtrantmpdimenA=\dimen102
\@IEEEtrantmpdimenB=\dimen103
\@IEEEtrantmpdimenC=\dimen104
\@IEEEtrantmpcountA=\count80
\@IEEEtrantmpcountB=\count81
\@IEEEtrantmpcountC=\count82
\@IEEEtrantmptoksA=\toks14
LaTeX Font Info:    Try loading font information for OT1+ptm on input line 458.

(D:\program\CTEX29\MiKTeX\tex\latex\psnfss\ot1ptm.fd
File: ot1ptm.fd 2001/06/04 font definitions for OT1/ptm.
)
-- Using 8.5in x 11in (letter) paper.
-- Using DVI output.
\@IEEEnormalsizeunitybaselineskip=\dimen105
-- This is a 10 point document.
\CLASSINFOnormalsizebaselineskip=\dimen106
\CLASSINFOnormalsizeunitybaselineskip=\dimen107
\IEEEnormaljot=\dimen108
LaTeX Font Info:    Font shape `OT1/ptm/bx/n' in size <5> not available
(Font)              Font shape `OT1/ptm/b/n' tried instead on input line 1039.
LaTeX Font Info:    Font shape `OT1/ptm/bx/it' in size <5> not available
(Font)              Font shape `OT1/ptm/b/it' tried instead on input line 1039.

LaTeX Font Info:    Font shape `OT1/ptm/bx/n' in size <7> not available
(Font)              Font shape `OT1/ptm/b/n' tried instead on input line 1039.
LaTeX Font Info:    Font shape `OT1/ptm/bx/it' in size <7> not available
(Font)              Font shape `OT1/ptm/b/it' tried instead on input line 1039.

LaTeX Font Info:    Font shape `OT1/ptm/bx/n' in size <8> not available
(Font)              Font shape `OT1/ptm/b/n' tried instead on input line 1039.
LaTeX Font Info:    Font shape `OT1/ptm/bx/it' in size <8> not available
(Font)              Font shape `OT1/ptm/b/it' tried instead on input line 1039.

LaTeX Font Info:    Font shape `OT1/ptm/bx/n' in size <9> not available
(Font)              Font shape `OT1/ptm/b/n' tried instead on input line 1039.
LaTeX Font Info:    Font shape `OT1/ptm/bx/it' in size <9> not available
(Font)              Font shape `OT1/ptm/b/it' tried instead on input line 1039.

LaTeX Font Info:    Font shape `OT1/ptm/bx/n' in size <10> not available
(Font)              Font shape `OT1/ptm/b/n' tried instead on input line 1039.
LaTeX Font Info:    Font shape `OT1/ptm/bx/it' in size <10> not available
(Font)              Font shape `OT1/ptm/b/it' tried instead on input line 1039.

LaTeX Font Info:    Font shape `OT1/ptm/bx/n' in size <11> not available
(Font)              Font shape `OT1/ptm/b/n' tried instead on input line 1039.
LaTeX Font Info:    Font shape `OT1/ptm/bx/it' in size <11> not available
(Font)              Font shape `OT1/ptm/b/it' tried instead on input line 1039.

LaTeX Font Info:    Font shape `OT1/ptm/bx/n' in size <12> not available
(Font)              Font shape `OT1/ptm/b/n' tried instead on input line 1039.
LaTeX Font Info:    Font shape `OT1/ptm/bx/it' in size <12> not available
(Font)              Font shape `OT1/ptm/b/it' tried instead on input line 1039.

LaTeX Font Info:    Font shape `OT1/ptm/bx/n' in size <17> not available
(Font)              Font shape `OT1/ptm/b/n' tried instead on input line 1039.
LaTeX Font Info:    Font shape `OT1/ptm/bx/it' in size <17> not available
(Font)              Font shape `OT1/ptm/b/it' tried instead on input line 1039.

LaTeX Font Info:    Font shape `OT1/ptm/bx/n' in size <20> not available
(Font)              Font shape `OT1/ptm/b/n' tried instead on input line 1039.
LaTeX Font Info:    Font shape `OT1/ptm/bx/it' in size <20> not available
(Font)              Font shape `OT1/ptm/b/it' tried instead on input line 1039.

LaTeX Font Info:    Font shape `OT1/ptm/bx/n' in size <24> not available
(Font)              Font shape `OT1/ptm/b/n' tried instead on input line 1039.
LaTeX Font Info:    Font shape `OT1/ptm/bx/it' in size <24> not available
(Font)              Font shape `OT1/ptm/b/it' tried instead on input line 1039.

\IEEEquantizedlength=\dimen109
\IEEEquantizedlengthdiff=\dimen110
\IEEEquantizedtextheightdiff=\dimen111
\IEEEilabelindentA=\dimen112
\IEEEilabelindentB=\dimen113
\IEEEilabelindent=\dimen114
\IEEEelabelindent=\dimen115
\IEEEdlabelindent=\dimen116
\IEEElabelindent=\dimen117
\IEEEiednormlabelsep=\dimen118
\IEEEiedmathlabelsep=\dimen119
\IEEEiedtopsep=\skip41
\c@section=\count83
\c@subsection=\count84
\c@subsubsection=\count85
\c@paragraph=\count86
\c@IEEEsubequation=\count87
\abovecaptionskip=\skip42
\belowcaptionskip=\skip43
\c@figure=\count88
\c@table=\count89
\@IEEEeqnnumcols=\count90
\@IEEEeqncolcnt=\count91
\@IEEEsubeqnnumrollback=\count92
\@IEEEquantizeheightA=\dimen120
\@IEEEquantizeheightB=\dimen121
\@IEEEquantizeheightC=\dimen122
\@IEEEquantizeprevdepth=\dimen123
\@IEEEquantizemultiple=\count93
\@IEEEquantizeboxA=\box26
\@IEEEtmpitemindent=\dimen124
\c@IEEEbiography=\count94
\@IEEEtranrubishbin=\box27
) (D:\program\CTEX29\MiKTeX\tex\latex\ams\math\amsmath.sty
Package: amsmath 2000/07/18 v2.13 AMS math features
\@mathmargin=\skip44

For additional information on amsmath, use the `?' option.
(D:\program\CTEX29\MiKTeX\tex\latex\ams\math\amstext.sty
Package: amstext 2000/06/29 v2.01

(D:\program\CTEX29\MiKTeX\tex\latex\ams\math\amsgen.sty
File: amsgen.sty 1999/11/30 v2.0
\@emptytoks=\toks15
\ex@=\dimen125
))
(D:\program\CTEX29\MiKTeX\tex\latex\ams\math\amsbsy.sty
Package: amsbsy 1999/11/29 v1.2d
\pmbraise@=\dimen126
)
(D:\program\CTEX29\MiKTeX\tex\latex\ams\math\amsopn.sty
Package: amsopn 1999/12/14 v2.01 operator names
)
\inf@bad=\count95
LaTeX Info: Redefining \frac on input line 211.
\uproot@=\count96
\leftroot@=\count97
LaTeX Info: Redefining \overline on input line 307.
\classnum@=\count98
\DOTSCASE@=\count99
LaTeX Info: Redefining \ldots on input line 379.
LaTeX Info: Redefining \dots on input line 382.
LaTeX Info: Redefining \cdots on input line 467.
\Mathstrutbox@=\box28
\strutbox@=\box29
\big@size=\dimen127
LaTeX Font Info:    Redeclaring font encoding OML on input line 567.
LaTeX Font Info:    Redeclaring font encoding OMS on input line 568.
\macc@depth=\count100
\c@MaxMatrixCols=\count101
\dotsspace@=\muskip10
\c@parentequation=\count102
\dspbrk@lvl=\count103
\tag@help=\toks16
\row@=\count104
\column@=\count105
\maxfields@=\count106
\andhelp@=\toks17
\eqnshift@=\dimen128
\alignsep@=\dimen129
\tagshift@=\dimen130
\tagwidth@=\dimen131
\totwidth@=\dimen132
\lineht@=\dimen133
\@envbody=\toks18
\multlinegap=\skip45
\multlinetaggap=\skip46
\mathdisplay@stack=\toks19
LaTeX Info: Redefining \[ on input line 2666.
LaTeX Info: Redefining \] on input line 2667.
)
(D:\program\CTEX29\MiKTeX\tex\latex\graphics\graphicx.sty
Package: graphicx 1999/02/16 v1.0f Enhanced LaTeX Graphics (DPC,SPQR)

(D:\program\CTEX29\MiKTeX\tex\latex\graphics\keyval.sty
Package: keyval 1999/03/16 v1.13 key=value parser (DPC)
\KV@toks@=\toks20
)
(D:\program\CTEX29\MiKTeX\tex\latex\graphics\graphics.sty
Package: graphics 2009/02/05 v1.0o Standard LaTeX Graphics (DPC,SPQR)

(D:\program\CTEX29\MiKTeX\tex\latex\graphics\trig.sty
Package: trig 1999/03/16 v1.09 sin cos tan (DPC)
)
(D:\program\CTEX29\MiKTeX\tex\latex\00miktex\graphics.cfg
File: graphics.cfg 2007/01/18 v1.5 graphics configuration of teTeX/TeXLive
)
Package graphics Info: Driver file: dvips.def on input line 91.

(D:\program\CTEX29\MiKTeX\tex\latex\graphics\dvips.def
File: dvips.def 1999/02/16 v3.0i Driver-dependant file (DPC,SPQR)
))
\Gin@req@height=\dimen134
\Gin@req@width=\dimen135
)
(D:\program\CTEX29\MiKTeX\tex\algorithm.sty
Package: algorithm 

Document Style `algorithm' - floating environment
(D:\program\CTEX29\MiKTeX\tex\latex\float\float.sty
Package: float 2001/11/08 v1.3d Float enhancements (AL)
\c@float@type=\count107
\float@exts=\toks21
\float@box=\box30
\@float@everytoks=\toks22
\@floatcapt=\box31
)
(D:\program\CTEX29\MiKTeX\tex\latex\base\ifthen.sty
Package: ifthen 2001/05/26 v1.1c Standard LaTeX ifthen package (DPC)
)
\@float@every@algorithm=\toks23
\c@algorithm=\count108
)
(D:\program\CTEX29\MiKTeX\tex\algorithmic.sty
Package: algorithmic 

Document Style `algorithmic' - environment
(D:\program\CTEX29\MiKTeX\tex\latex\tools\calc.sty
Package: calc 2007/08/22 v4.3 Infix arithmetic (KKT,FJ)
\calc@Acount=\count109
\calc@Bcount=\count110
\calc@Adimen=\dimen136
\calc@Bdimen=\dimen137
\calc@Askip=\skip47
\calc@Bskip=\skip48
LaTeX Info: Redefining \setlength on input line 76.
LaTeX Info: Redefining \addtolength on input line 77.
\calc@Ccount=\count111
\calc@Cskip=\skip49
)
\c@ALC@line=\count112
\c@ALC@rem=\count113
\ALC@tlm=\skip50
)
(D:\program\CTEX29\MiKTeX\tex\latex\tools\array.sty
Package: array 2008/09/09 v2.4c Tabular extension package (FMi)
\col@sep=\dimen138
\extrarowheight=\dimen139
\NC@list=\toks24
\extratabsurround=\skip51
\backup@length=\skip52
)
(D:\program\CTEX29\MiKTeX\tex\latex\amsfonts\amssymb.sty
Package: amssymb 2009/06/22 v3.00

(D:\program\CTEX29\MiKTeX\tex\latex\amsfonts\amsfonts.sty
Package: amsfonts 2009/06/22 v3.00 Basic AMSFonts support
\symAMSa=\mathgroup4
\symAMSb=\mathgroup5
LaTeX Font Info:    Overwriting math alphabet `\mathfrak' in version `bold'
(Font)                  U/euf/m/n --> U/euf/b/n on input line 96.
))
(D:\program\CTEX29\MiKTeX\tex\latex\tools\enumerate.sty
Package: enumerate 1999/03/05 v3.00 enumerate extensions (DPC)
\@enLab=\toks25
)
(F:\01paper\02PaperWrite\7_latex\01WPT\tiicolor\WPTERD_color.aux)
LaTeX Font Info:    Checking defaults for OML/cmm/m/it on input line 24.
LaTeX Font Info:    ... okay on input line 24.
LaTeX Font Info:    Checking defaults for T1/cmr/m/n on input line 24.
LaTeX Font Info:    ... okay on input line 24.
LaTeX Font Info:    Checking defaults for OT1/cmr/m/n on input line 24.
LaTeX Font Info:    ... okay on input line 24.
LaTeX Font Info:    Checking defaults for OMS/cmsy/m/n on input line 24.
LaTeX Font Info:    ... okay on input line 24.
LaTeX Font Info:    Checking defaults for OMX/cmex/m/n on input line 24.
LaTeX Font Info:    ... okay on input line 24.
LaTeX Font Info:    Checking defaults for U/cmr/m/n on input line 24.
LaTeX Font Info:    ... okay on input line 24.

-- Lines per column: 58 (exact).
\c@lemma=\count114
\c@theorem=\count115
\c@property=\count116
\c@corollary=\count117
LaTeX Font Info:    Try loading font information for U+msa on input line 79.
(D:\program\CTEX29\MiKTeX\tex\latex\amsfonts\umsa.fd
File: umsa.fd 2009/06/22 v3.00 AMS symbols A
)
LaTeX Font Info:    Try loading font information for U+msb on input line 79.

(D:\program\CTEX29\MiKTeX\tex\latex\amsfonts\umsb.fd
File: umsb.fd 2009/06/22 v3.00 AMS symbols B
) [1


]
File: fig0_outline.eps Graphic file (type eps)
 <fig0_outline.eps>
Underfull \hbox (badness 10000) in paragraph at lines 102--103
[]\OT1/ptm/m/n/10 For the ETTS prob-lem, we pro-pose Least
 []


Underfull \hbox (badness 10000) in paragraph at lines 102--103
\OT1/ptm/m/n/10 conflicting-neighbor-set-weight Last Se-quen-tial
 []


Underfull \hbox (badness 2343) in paragraph at lines 102--103
\OT1/ptm/m/n/10 of the well-known least de-gree last al-go-rith-m for
 []


Underfull \hbox (badness 10000) in paragraph at lines 121--122
[]|\OT1/ptm/m/n/8 Wireless Pow-er Trans-fer based En-er-gy Re-
 []


Underfull \hbox (badness 10000) in paragraph at lines 125--125
[]|\OT1/ptm/m/n/8 WPTERD-
 []


Underfull \hbox (badness 2126) in paragraph at lines 131--132
[]|\OT1/ptm/m/n/8 energy-transmission con-cur-ren-t set schedul-ing al-
 []

[2]
Underfull \hbox (badness 4001) in paragraph at lines 173--174
[]\OT1/ptm/m/n/10 We con-sid-er a WS-N con-sist-ing of $\OML/cmm/m/it/10 n$ \OT
1/ptm/m/n/10 stat-ic n-odes
 []


Underfull \hbox (badness 6428) in paragraph at lines 173--174
\OML/cmm/m/it/10 U[]\OMS/cmsy/m/n/10 f\OML/cmm/m/it/10 u[]; u[]; [] ; u[]\OMS/c
msy/m/n/10 g$\OT1/ptm/m/n/10 , where n-ode $\OML/cmm/m/it/10 u[]$ \OT1/ptm/m/n/
10 is po-si-tioned at
 []


Overfull \hbox (3.97421pt too wide) in paragraph at lines 184--184
[]|\OT1/ptm/b/n/8 Notation| 
 []


Underfull \hbox (badness 10000) in paragraph at lines 195--196
[]|\OT1/ptm/m/n/8 The ma-trix of the en-er-gy har-vest-ing co-ef-fi-cients
 []


Underfull \hbox (badness 10000) in paragraph at lines 199--200
[]|\OT1/ptm/m/n/8 The func-tion/list/vector of the n-odes' en-er-gy at
 []


Underfull \hbox (badness 10000) in paragraph at lines 199--200
\OT1/ptm/m/n/8 the be-gin-ning time where it is $\OML/cmm/m/it/8 e[]\OT1/cmr/m/
n/8 (\OML/cmm/m/it/8 i\OT1/cmr/m/n/8 )$ \OT1/ptm/m/n/8 for $\OML/cmm/m/it/8 u[]
$\OT1/ptm/m/n/8 .
 []


Overfull \hbox (5.07224pt too wide) in paragraph at lines 209--209
[]|$\OML/cmm/m/it/8 e[]; []$| 
 []


Underfull \hbox (badness 10000) in paragraph at lines 209--210
[]|\OT1/ptm/m/n/8 The func-tion/list/vector of the n-odes' low-er lim-it-s
 []


Underfull \hbox (badness 4429) in paragraph at lines 209--210
\OT1/ptm/m/n/8 of en-er-gy ex-pec-ta-tion-s where it is $\OML/cmm/m/it/8 e[]\OT
1/cmr/m/n/8 (\OML/cmm/m/it/8 i\OT1/cmr/m/n/8 )$ \OT1/ptm/m/n/8 for $\OML/cmm/m/
it/8 u[]$\OT1/ptm/m/n/8 .
 []


Overfull \hbox (37.2215pt too wide) in paragraph at lines 217--217
[]|$\OML/cmm/m/it/8 N[]\OT1/cmr/m/n/8 (\OML/cmm/m/it/8 v\OT1/cmr/m/n/8 )\OML/cm
m/m/it/8 =N[]\OT1/cmr/m/n/8 (\OML/cmm/m/it/8 v\OT1/cmr/m/n/8 )$| 
 []


Underfull \hbox (badness 1694) in paragraph at lines 217--218
[]|\OT1/ptm/m/n/8 The set of n-ode $\OML/cmm/m/it/8 v$\OT1/ptm/m/n/8 's neigh-b
ors in graph $\OML/cmm/m/it/8 H$ \OT1/ptm/m/n/8 to-geth-er
 []

File: fig1_network.eps Graphic file (type eps)
<fig1_network.eps> [3] [4]
Underfull \hbox (badness 2469) in paragraph at lines 266--267
[]\OT1/ptm/m/n/10 We will pro-vide our anal-y-sis and treat-men-t on the
 []


Underfull \hbox (badness 5954) in paragraph at lines 330--332
\OT1/ptm/m/n/10 be-comes $\OML/cmm/m/it/10 e[]\OT1/cmr/m/n/10 (\OML/cmm/m/it/10
 v[]\OT1/cmr/m/n/10 )[] [](\OML/cmm/m/it/10 e[]\OT1/cmr/m/n/10 (\OML/cmm/m/it/1
0 v[]\OT1/cmr/m/n/10 )[]\OML/cmm/m/it/10 c\OT1/cmr/m/n/10 (\OML/cmm/m/it/10 v[]
; v[]\OT1/cmr/m/n/10 )[]\OML/cmm/m/it/10 e\OT1/cmr/m/n/10 (\OML/cmm/m/it/10 v[]
\OT1/cmr/m/n/10 )\OML/cmm/m/it/10 ; e[]\OT1/cmr/m/n/10 (\OML/cmm/m/it/10 v[]\OT
1/cmr/m/n/10 ))$\OT1/ptm/m/n/10 .
 []

File: fig2_path.eps Graphic file (type eps)
<fig2_path.eps> [5]
Underfull \hbox (badness 1354) in paragraph at lines 408--409
[]\OT1/ptm/m/n/10 Assume the t-wo neigh-bor-ing n-odes as $\OML/cmm/m/it/10 u[]
$ \OT1/ptm/m/n/10 and $\OML/cmm/m/it/10 u[]$\OT1/ptm/m/n/10 .
 []


Underfull \hbox (badness 2189) in paragraph at lines 408--409
\OT1/ptm/m/n/10 Re-plac-ing $\OML/cmm/m/it/10 s[]$ \OT1/ptm/m/n/10 with $\OML/c
mm/m/it/10 s[]$ \OT1/ptm/m/n/10 will not af-fec-t the amoun-
 []


Underfull \hbox (badness 1590) in paragraph at lines 410--411
\OML/cmm/m/it/10 k[]\OMS/cmsy/m/n/10 f\OML/cmm/m/it/10 i; j\OMS/cmsy/m/n/10 g$\
OT1/ptm/m/n/10 , strict-ly hold-s. Con-sid-er-ing the giv-en pre-
 []

[6] [7]
Underfull \hbox (badness 1394) in paragraph at lines 563--564
\OT1/ptm/m/n/10 The while-loop be-tween code lines 2-7 im-ple-ments the
 []


Underfull \hbox (badness 3601) in paragraph at lines 563--564
\OT1/ptm/m/n/10 first step. A prop-er-ty val-ue of graph $\OML/cmm/m/it/10 G$\O
T1/ptm/m/n/10 , de-fined as
 []

[8]
File: fig_2d3part.eps Graphic file (type eps)
 <fig_2d3part.eps>
File: fig_3d12part.eps Graphic file (type eps)
 <fig_3d12part.eps>
Underfull \vbox (badness 2564) has occurred while \output is active []

 [9]
File: fig_2d6part.eps Graphic file (type eps)

<fig_2d6part.eps>
File: fig_3d24part.eps Graphic file (type eps)
 <fig_3d24part.eps>
Underfull \hbox (badness 10000) in paragraph at lines 725--726
[] []$\OML/cmm/m/it/10 i[][] [] [][]\OT1/cmr/m/n/10 (\OML/cmm/m/it/10 e[]\OT1/c
mr/m/n/10 (\OML/cmm/m/it/10 i\OT1/cmr/m/n/10 )[]\OML/cmm/m/it/10 e[]\OT1/cmr/m/
n/10 (\OML/cmm/m/it/10 i\OT1/cmr/m/n/10 ))\OML/cmm/m/it/10 =p\OT1/cmr/m/n/10 (\
OML/cmm/m/it/10 i\OT1/cmr/m/n/10 )$\OT1/ptm/m/n/10 ;
 []

[10]
File: fig3_2full.eps Graphic file (type eps)
 <fig3_2full.eps>
File: fig4_2full_sch.eps Graphic file (type eps)
 <fig4_2full_sch.eps> [11]
File: sim_n100_egy.eps Graphic file (type eps)
 <sim_n100_egy.eps>
File: sim_n100_makespan.eps Graphic file (type eps)

<sim_n100_makespan.eps>
File: sim_n100_switchnum.eps Graphic file (type eps)
 <sim_n100_switchnum.eps> [12] [13

]
(F:\01paper\02PaperWrite\7_latex\01WPT\tiicolor\WPTERD_color.aux) ) 
Here is how much of TeX's memory you used:
 2716 strings out of 430486
 37481 string characters out of 3191444
 105026 words of memory out of 3000000
 5829 multiletter control sequences out of 15000+200000
 33894 words of font info for 84 fonts, out of 3000000 for 9000
 14 hyphenation exceptions out of 8191
 27i,15n,24p,2095b,583s stack positions out of 5000i,500n,10000p,200000b,50000s

Output written on WPTERD_color.pdf (13 pages).
